build/app/outputs/mapping/release/mapping.txt
# compiler: R8
# compiler_version: 1.5.69
# min_api: 16
# pg_map_id: c18cba0
...
io.flutter.view.FlutterView$ViewportMetrics -> io.flutter.view.g$g:
    int systemGestureInsetBottom -> n
    int systemGestureInsetLeft -> o
    int systemGestureInsetTop -> l
    int systemGestureInsetRight -> m
    int physicalViewInsetBottom -> j
    int physicalViewInsetLeft -> k
    int physicalViewInsetTop -> h
    int physicalViewInsetRight -> i
    int physicalPaddingBottom -> f
    int physicalPaddingLeft -> g
    int physicalPaddingTop -> d
    float devicePixelRatio -> a
    int physicalPaddingRight -> e
    int physicalWidth -> b
    int physicalHeight -> c
io.flutter.view.FlutterView$ZeroSides -> io.flutter.view.g$h:
    io.flutter.view.FlutterView$ZeroSides[] $VALUES -> e
    io.flutter.view.FlutterView$ZeroSides BOTH -> d
    io.flutter.view.FlutterView$ZeroSides RIGHT -> c
    io.flutter.view.FlutterView$ZeroSides LEFT -> b
    io.flutter.view.FlutterView$ZeroSides NONE -> a
io.flutter.view.TextureRegistry -> io.flutter.view.h:
    io.flutter.view.TextureRegistry$SurfaceTextureEntry createSurfaceTexture() -> a
io.flutter.view.TextureRegistry$SurfaceTextureEntry -> io.flutter.view.h$a:
    void release() -> a
    long id() -> b
    android.graphics.SurfaceTexture surfaceTexture() -> c
io.flutter.view.VsyncWaiter -> io.flutter.view.i:
    android.view.WindowManager windowManager -> a
    io.flutter.view.VsyncWaiter instance -> c
    io.flutter.embedding.engine.FlutterJNI$AsyncWaitForVsyncDelegate asyncWaitForVsyncDelegate -> b
    android.view.WindowManager access$000(io.flutter.view.VsyncWaiter) -> a
    io.flutter.view.VsyncWaiter getInstance(android.view.WindowManager) -> a
    void init() -> a
io.flutter.view.VsyncWaiter$1 -> io.flutter.view.i$a:
    io.flutter.view.VsyncWaiter this$0 -> a
    void asyncWaitForVsync(long) -> a
io.flutter.view.VsyncWaiter$1$1 -> io.flutter.view.i$a$a:
    long val$cookie -> a
    io.flutter.view.VsyncWaiter$1 this$1 -> b
xyz.luan.audioplayers.AudioplayersPlugin -> b.a.a.a:
    java.util.Map mediaPlayers -> b
    java.lang.Runnable positionUpdates -> d
    android.os.Handler handler -> c
    boolean seekFinish -> f
    java.util.logging.Logger LOGGER -> g
    android.content.Context context -> e
    io.flutter.plugin.common.MethodChannel channel -> a
    void access$100(xyz.luan.audioplayers.AudioplayersPlugin) -> a
    java.util.Map access$200(java.lang.String,java.lang.Object) -> a
    boolean access$302(xyz.luan.audioplayers.AudioplayersPlugin,boolean) -> a
    xyz.luan.audioplayers.Player getPlayer(java.lang.String,java.lang.String) -> a
    void handleCompletion(xyz.luan.audioplayers.Player) -> a
    void onMethodCall(io.flutter.plugin.common.MethodCall,io.flutter.plugin.common.MethodChannel$Result) -> a
    void registerWith(io.flutter.plugin.common.PluginRegistry$Registrar) -> a
    void startPositionUpdates() -> a
    boolean access$300(xyz.luan.audioplayers.AudioplayersPlugin) -> b
    java.util.Map buildArguments(java.lang.String,java.lang.Object) -> b
    void handleDuration(xyz.luan.audioplayers.Player) -> b
    void handleMethodCall(io.flutter.plugin.common.MethodCall,io.flutter.plugin.common.MethodChannel$Result) -> b
    void stopPositionUpdates() -> b
    void handleIsPlaying(xyz.luan.audioplayers.Player) -> c
    void handleSeekComplete(xyz.luan.audioplayers.Player) -> d
xyz.luan.audioplayers.AudioplayersPlugin$1 -> b.a.a.a$a:
xyz.luan.audioplayers.AudioplayersPlugin$UpdateCallback -> b.a.a.a$b:
    java.lang.ref.WeakReference audioplayersPlugin -> d
    java.lang.ref.WeakReference handler -> c
    java.lang.ref.WeakReference channel -> b
    java.lang.ref.WeakReference mediaPlayers -> a